
=== Thu Mar 19 12:48:36 2026

Packages were changed.
Update Mode: updateDependencies

The following packages were added:
  com.unity.modules.adaptiveperformance@1.0.0
  com.unity.modules.vectorgraphics@1.0.0
  com.unity.modules.accessibility@1.0.0
  com.unity.multiplayer.center@1.0.1
The following packages were updated:
  com.unity.cinemachine from version 2.9.5 to 2.10.6
  com.unity.collab-proxy from version 2.4.3 to 2.11.4
  com.unity.ext.nunit from version 1.0.6 to 2.0.5
  com.unity.feature.development from version 1.0.1 to 1.0.2
  com.unity.ide.rider from version 3.0.24 to 3.0.39
  com.unity.postprocessing from version 3.2.2 to 3.5.1
  com.unity.recorder from version 4.0.1 to 5.1.5
  com.unity.test-framework from version 1.1.33 to 1.6.0
  com.unity.timeline from version 1.7.5 to 1.8.11
  com.unity.ugui from version 1.0.0 to 2.0.0
  com.unity.visualscripting from version 1.9.0 to 1.9.10
The following packages were removed:
  com.unity.textmeshpro@3.0.6
